<?xml version="1.0" encoding="UTF-8"?>
<beans xmlns="http://www.springframework.org/schema/beans"
       xmlns:xsi="http://www.w3.org/2001/XMLSchema-instance"
       xmlns:context="http://www.springframework.org/schema/context"
       xmlns:tx="http://www.springframework.org/schema/tx"
       xmlns:jdbc="http://www.springframework.org/schema/jdbc"
       xsi:schemaLocation="http://www.springframework.org/schema/jdbc
       http://www.springframework.org/schema/jdbc/spring-jdbc-3.0.xsd
       http://www.springframework.org/schema/beans
	   http://www.springframework.org/schema/beans/spring-beans.xsd
	   http://www.springframework.org/schema/context
	   http://www.springframework.org/schema/context/spring-context-3.0.xsd
	   http://www.springframework.org/schema/tx
	   http://www.springframework.org/schema/tx/spring-tx-2.5.xsd">

    <tx:annotation-driven/>

    <context:annotation-config/>

    <jdbc:embedded-database id="embeddedDatabase" type="HSQL">
        <jdbc:script location="schema.sql" />
    </jdbc:embedded-database>

    <bean id="dataSource" class="org.springframework.jdbc.datasource.SimpleDriverDataSource">
        <property name="driverClass" value="com.mysql.jdbc.Driver"/>
        <property name="url" value="jdbc:mysql://localhost/MySpring"/>
        <property name="username" value="root"/>
    </bean>

    <bean id="userDao" class="springbook.user.domain.UserDaoJdbc">
        <property name="dataSource" ref="dataSource"/>
        <property name="sqlService" ref="sqlService"/>
    </bean>

    <bean id="sqlService" class="springbook.user.sqlservice.OxmSqlService">
        <property name="unmarshaller" ref="unmarshaller" />
        <property name="sqlRegistry" ref="sqlRegistry" />
    </bean>

    <bean id="unmarshaller" class="org.springframework.oxm.jaxb.Jaxb2Marshaller">
        <property name="contextPath" value="springbook.user.sqlservice.jaxb" />
    </bean>

    <bean id="sqlReader" class="springbook.user.sqlservice.JaxbXmlSqlReader">
        <property name="sqlMapFile" value="/sqlmap.xml"/>
    </bean>

    <bean id="sqlRegistry" class="springbook.user.sqlservice.EmbeddedDbSqlRegistry">
        <property name="dataSource" ref="embeddedDatabase" />
    </bean>

    <bean id="userService" class="springbook.user.domain.service.UserServiceImpl">
        <property name="userDao" ref="userDao"/>
        <property name="levelUpgradePolicy" ref="basicUserLevelUpgradePolicy"/>
        <property name="mailSender" ref="mailSender"/>
    </bean>

    <bean id="testUserService" class="springbook.user.domain.service.UserServiceTest$TestUserService"
          parent="userService"/>

    <bean id="basicUserLevelUpgradePolicy" class="springbook.user.domain.service.BasicUserLevelUpgradePolicy">
    </bean>

    <bean id="transactionManager" class="org.springframework.jdbc.datasource.DataSourceTransactionManager">
        <property name="dataSource" ref="dataSource"/>
    </bean>

    <bean id="mailSender" class="springbook.user.domain.service.DummyMailSender"/>

</beans>