<?xml version="1.0" encoding="UTF-8"?>
<beans xmlns="http://www.springframework.org/schema/beans"
	   xmlns:xsi="http://www.w3.org/2001/XMLSchema-instance"
	   xmlns:aop="http://www.springframework.org/schema/aop"
	   xmlns:tx="http://www.springframework.org/schema/tx"
	   xsi:schemaLocation="http://www.springframework.org/schema/beans http://www.springframework.org/schema/beans/spring-beans.xsd
	   					  http://www.springframework.org/schema/aop http://www.springframework.org/schema/aop/spring-aop-3.0.xsd
	   					  http://www.springframework.org/schema/tx http://www.springframework.org/schema/tx/spring-tx-2.5.xsd">

	<!--<aop:config>-->
		<!--<aop:advisor advice-ref="transactionAdvice" pointcut="bean(*Service)"/>-->
		<!--&lt;!&ndash;<aop:advisor advice-ref="transactionAdvice" pointcut="execution(* *..*ServiceImpl.upgrade*(..)))"/>&ndash;&gt;-->
		<!--&lt;!&ndash;<aop:pointcut id="transactionPointcut" expression="execution(* *..*ServiceImpl.upgrade*(..)))"/>&ndash;&gt;-->
		<!--&lt;!&ndash;<aop:advisor advice-ref="transactionAdvice" pointcut-ref="transactionPointcut"/>&ndash;&gt;-->
	<!--</aop:config>-->

	<!--<tx:advice id="transactionAdvice" transaction-manager="transactionManager">-->
		<!--<tx:attributes>-->
			<!--<tx:method name="get*" propagation="REQUIRED" read-only="true" timeout="30"/>-->
			<!--<tx:method name="*" propagation="REQUIRED"/>-->
		<!--</tx:attributes>-->
	<!--</tx:advice>-->

	<tx:annotation-driven/>

	<!--<bean id="transactionAdvice" class="org.springframework.transaction.interceptor.TransactionInterceptor">-->
		<!--<property name="transactionManager" ref="transactionManager"/>-->
		<!--<property name="transactionAttributes">-->
			<!--<props>-->
				<!--<prop key="get*">PROPAGATION_REQUIRED, readOnly</prop>-->
				<!--<prop key="*">PROPAGATION_REQUIRED</prop>-->
			<!--</props>-->
		<!--</property>-->
	<!--</bean>-->

	<bean id="dataSource" class="org.springframework.jdbc.datasource.SimpleDriverDataSource">
		<property name="driverClass" value="com.mysql.jdbc.Driver"/>
		<property name="url" value="jdbc:mysql://localhost/MySpring"/>
		<property name="username" value="root"/>
	</bean>

	<bean id="userDao" class="springbook.user.domain.UserDaoJdbc">
		<property name="dataSource" ref="dataSource"/>
		<property name="sqlService" ref="sqlService"/>
	</bean>

	<bean id="sqlService" class="springbook.user.sqlservice.XmlSqlService">
	</bean>

	<bean id="userService" class="springbook.user.domain.service.UserServiceImpl">
		<property name="userDao" ref="userDao"/>
		<property name="levelUpgradePolicy" ref="basicUserLevelUpgradePolicy"/>
		<property name="mailSender" ref="mailSender"/>
	</bean>

	<bean id="testUserService" class="springbook.user.domain.service.UserServiceTest$TestUserService" parent="userService"/>

	<bean id="basicUserLevelUpgradePolicy" class="springbook.user.domain.service.BasicUserLevelUpgradePolicy">
	</bean>

	<bean id="transactionManager" class="org.springframework.jdbc.datasource.DataSourceTransactionManager">
		<property name="dataSource" ref="dataSource"/>
	</bean>

	<bean id="mailSender" class="springbook.user.domain.service.DummyMailSender"/>

	<!--<bean id="transactionAdvice" class="springbook.learningtest.jdk.proxy.TransactionAdvice">-->
		<!--<property name="transactionManager" ref="transactionManager"/>-->
	<!--</bean>-->

	<!--<bean id="transactionPointcut" class="org.springframework.aop.aspectj.AspectJExpressionPointcut">-->
		<!--<property name="expression" value="execution(* *..*ServiceImpl.upgrade*(..))"/>-->
	<!--</bean>-->

	<!--<bean id="transactionAdvisor" class="org.springframework.aop.support.DefaultPointcutAdvisor">-->
		<!--<property name="advice" ref="transactionAdvice"/>-->
		<!--<property name="pointcut" ref="transactionPointcut"/>-->
	<!--</bean>-->

	<!--<bean class="org.springframework.aop.framework.autoproxy.DefaultAdvisorAutoProxyCreator"/>-->
</beans>